1677786027361	geckodriver	INFO	Listening on 127.0.0.1:55363
1677786030368	mozrunner::runner	INFO	Running command: "C:\\Program Files (x86)\\Mozilla Firefox\\firefox.exe" "--marionette" "--remote-debugging-port" "55364" "--remote-allow-hosts" "localhost" "-no-remote" "-profile" "C:\\Users\\Hp\\AppData\\Local\\Temp\\rust_mozprofileqH5pLl"
1677786031080	addons.webextension.screenshots@mozilla.org	WARN	Loading extension 'screenshots@mozilla.org': Reading manifest: Invalid extension permission: mozillaAddons
1677786031081	addons.webextension.screenshots@mozilla.org	WARN	Loading extension 'screenshots@mozilla.org': Reading manifest: Invalid extension permission: telemetry
1677786031081	addons.webextension.screenshots@mozilla.org	WARN	Loading extension 'screenshots@mozilla.org': Reading manifest: Invalid extension permission: resource://pdf.js/
1677786031081	addons.webextension.screenshots@mozilla.org	WARN	Loading extension 'screenshots@mozilla.org': Reading manifest: Invalid extension permission: about:reader*
1677786033877	Marionette	INFO	Listening on port 55369
1677786034086	Marionette	WARN	TLS certificate errors will be ignored for this session
console.error: BroadcastService: 
  receivedBroadcastMessage: handler for
  remote-settings/monitor_changes
  threw error:
  Message: Error: Polling for changes failed: /buckets/monitor/collections/changes/records?_expected=%221677784613202%22 is not a valid URL..
  Stack:
    remoteSettingsFunction/remoteSettings.pollChanges@resource://services-settings/remote-settings.js:201:13

[Parent 6524, Gecko_IOThread] WARNING: pipe error: 109: file z:/task_1561639345/build/src/ipc/chromium/src/chrome/common/ipc_channel_win.cc, line 341
[Child 16816, Chrome_ChildThread] WARNING: pipe error: 109: file z:/task_1561639345/build/src/ipc/chromium/src/chrome/common/ipc_channel_win.cc, line 341
[Child 6880, Chrome_ChildThread] WARNING: pipe error: 109: file z:/task_1561639345/build/src/ipc/chromium/src/chrome/common/ipc_channel_win.cc, line 341
[Child 6880, Chrome_ChildThread] WARNING: pipe error: 109: file z:/task_1561639345/build/src/ipc/chromium/src/chrome/common/ipc_channel_win.cc, line 341
[Parent 6524, Gecko_IOThread] WARNING: pipe error: 109: file z:/task_1561639345/build/src/ipc/chromium/src/chrome/common/ipc_channel_win.cc, line 341
1677788548753	Marionette	INFO	Stopped listening on port 55369
[GPU 15160, Chrome_ChildThread] WARNING: pipe error: 109: file z:/task_1561639345/build/src/ipc/chromium/src/chrome/common/ipc_channel_win.cc, line 341

###!!! [Child][RunMessage] Error: Channel closing: too late to send/recv, messages will be lost


###!!! [Child][MessageChannel::SendAndWait] Error: Channel error: cannot send/recv

1677813610040	geckodriver	INFO	Listening on 127.0.0.1:62667
1677813613096	mozrunner::runner	INFO	Running command: "C:\\Program Files (x86)\\Mozilla Firefox\\firefox.exe" "--marionette" "--remote-debugging-port" "62668" "--remote-allow-hosts" "localhost" "-no-remote" "-profile" "C:\\Users\\Hp\\AppData\\Local\\Temp\\rust_mozprofile59hSwB"
1677813613932	addons.webextension.screenshots@mozilla.org	WARN	Loading extension 'screenshots@mozilla.org': Reading manifest: Invalid extension permission: mozillaAddons
1677813613933	addons.webextension.screenshots@mozilla.org	WARN	Loading extension 'screenshots@mozilla.org': Reading manifest: Invalid extension permission: telemetry
1677813613933	addons.webextension.screenshots@mozilla.org	WARN	Loading extension 'screenshots@mozilla.org': Reading manifest: Invalid extension permission: resource://pdf.js/
1677813613933	addons.webextension.screenshots@mozilla.org	WARN	Loading extension 'screenshots@mozilla.org': Reading manifest: Invalid extension permission: about:reader*
1677813616111	Marionette	INFO	Listening on port 62673
1677813616263	Marionette	WARN	TLS certificate errors will be ignored for this session

###!!! [Parent][MessageChannel] Error: (msgtype=0x1E0074,name=PBrowser::Msg_StopIMEStateManagement) Closed channel: cannot send/recv

[Child 632, Chrome_ChildThread] WARNING: pipe error: 109: file z:/task_1561639345/build/src/ipc/chromium/src/chrome/common/ipc_channel_win.cc, line 341

###!!! [Parent][MessageChannel] Error: (msgtype=0x1E00A0,name=PBrowser::Msg_UpdateNativeWindowHandle) Closed channel: cannot send/recv


###!!! [Parent][MessageChannel] Error: (msgtype=0x1E008F,name=PBrowser::Msg_Destroy) Closed channel: cannot send/recv


###!!! [Child][MessageChannel] Error: (msgtype=0x1E0001,name=PBrowser::Msg_AsyncMessage) Closed channel: cannot send/recv

JavaScript error: resource:///actors/AboutReaderChild.jsm, line 80: NS_ERROR_UNEXPECTED: 

###!!! [Child][MessageChannel] Error: (msgtype=0x1E002E,name=PBrowser::Msg_SetInputContext) Closed channel: cannot send/recv


###!!! [Child][MessageChannel] Error: (msgtype=0x35011D,name=PContent::Msg_DetachBrowsingContext) Closed channel: cannot send/recv

